2024-05-09 10:19:01,673 [INFO] Activator:176 - 


2024-05-09 10:19:01,678 [INFO] Activator:177 - !SESSION log4j initialized
2024-05-09 10:19:06,748 [ERROR] LogOutputStream:75 - [STDERR_REDIRECT] 
2024-05-09 10:19:07,334 [INFO] LogOutputStream:77 - [STDOUT_REDIRECT] 
2024-05-09 10:19:09,232 [INFO] LogOutputStream:77 - [STDOUT_REDIRECT] 
2024-05-09 10:19:10,614 [ERROR] LogOutputStream:75 - [STDERR_REDIRECT] [Fatal Error] :2:10: DOCTYPE is disallowed when the feature "http://apache.org/xml/features/disallow-doctype-decl" set to true.
2024-05-09 10:19:10,616 [ERROR] LogOutputStream:75 - [STDERR_REDIRECT] 
2024-05-09 10:19:10,963 [INFO] ApplicationProperties:184 - Using Application install path: /Applications/STM32CubeIDE.app/Contents/Eclipse/plugins/com.st.stm32cube.common.mx_6.10.0.202311202037
2024-05-09 10:19:10,975 [INFO] DbMcusXml:78 - Set database path to: /Applications/STM32CubeIDE.app/Contents/Eclipse/plugins/com.st.stm32cube.common.mx_6.10.0.202311202037//db//mcu/
2024-05-09 10:19:10,976 [INFO] ApiDb:274 - Set plugin database path to: /Applications/STM32CubeIDE.app/Contents/Eclipse/plugins/com.st.stm32cube.common.mx_6.10.0.202311202037//db//plugins/boardmanager/
2024-05-09 10:19:10,976 [WARN] ApiDb:259 - Overriding images path with different value:  => /Applications/STM32CubeIDE.app/Contents/Eclipse/plugins/com.st.stm32cube.common.mx_6.10.0.202311202037//db//plugins/mcufinder/images/
2024-05-09 10:19:10,982 [INFO] ApiDb:250 - Set database path to: /Users/nataliebrown/.stmcufinder/plugins/mcufinder//mcu/
2024-05-09 10:19:10,983 [INFO] DbMcusAds:125 - Set database path to: /Users/nataliebrown/.stmcufinder/plugins/mcufinder//mcu/
2024-05-09 10:19:10,986 [INFO] CrossReferenceDbSqlite:203 - Set database path to: /Users/nataliebrown/.stmcufinder/plugins/mcufinder//mcu/cs/
2024-05-09 10:19:11,109 [INFO] RulesReader:64 - Compatibility file has been processed (297 Rules)
2024-05-09 10:19:11,202 [INFO] DbMcusXml:78 - Set database path to: /Applications/STM32CubeIDE.app/Contents/Eclipse/plugins/com.st.stm32cube.common.mx_6.10.0.202311202037//db//mcu/
2024-05-09 10:19:11,204 [INFO] ApiDb:274 - Set plugin database path to: /Applications/STM32CubeIDE.app/Contents/Eclipse/plugins/com.st.stm32cube.common.mx_6.10.0.202311202037//db//plugins/boardmanager/
2024-05-09 10:19:11,207 [INFO] ApiDb:261 - Set plugin images path to: /Applications/STM32CubeIDE.app/Contents/Eclipse/plugins/com.st.stm32cube.common.mx_6.10.0.202311202037//db//plugins/mcufinder/images/
2024-05-09 10:19:11,208 [WARN] DbFile:41 - Overriding database path with different value: /Users/nataliebrown/.stmcufinder/plugins/mcufinder/ => /Users/nataliebrown/.stmcufinder/plugins/mcufinder
2024-05-09 10:19:11,208 [INFO] ApiDb:250 - Set database path to: /Users/nataliebrown/.stmcufinder/plugins/mcufinder//mcu/
2024-05-09 10:19:11,208 [WARN] DbFile:41 - Overriding database path with different value: /Users/nataliebrown/.stmcufinder/plugins/mcufinder/ => /Users/nataliebrown/.stmcufinder/plugins/mcufinder
2024-05-09 10:19:11,208 [INFO] DbMcusAds:125 - Set database path to: /Users/nataliebrown/.stmcufinder/plugins/mcufinder//mcu/
2024-05-09 10:19:11,208 [WARN] DbFile:41 - Overriding database path with different value: /Users/nataliebrown/.stmcufinder/plugins/mcufinder/ => /Users/nataliebrown/.stmcufinder/plugins/mcufinder
2024-05-09 10:19:11,208 [WARN] DbFile:41 - Overriding database path with different value: /Users/nataliebrown/.stmcufinder/plugins/mcufinder/ => /Users/nataliebrown/.stmcufinder/plugins/mcufinder
2024-05-09 10:19:11,209 [INFO] CrossReferenceDbSqlite:203 - Set database path to: /Users/nataliebrown/.stmcufinder/plugins/mcufinder//mcu/cs/
2024-05-09 10:19:11,290 [INFO] MainPanel:264 - HeapMemory: 270532608
2024-05-09 10:19:11,397 [INFO] DbMcusXml:78 - Set database path to: /Applications/STM32CubeIDE.app/Contents/Eclipse/plugins/com.st.stm32cube.common.mx_6.10.0.202311202037//db//mcu/
2024-05-09 10:19:11,398 [INFO] ApiDb:274 - Set plugin database path to: /Applications/STM32CubeIDE.app/Contents/Eclipse/plugins/com.st.stm32cube.common.mx_6.10.0.202311202037//db//plugins/boardmanager/
2024-05-09 10:19:11,400 [INFO] ApiDb:261 - Set plugin images path to: /Applications/STM32CubeIDE.app/Contents/Eclipse/plugins/com.st.stm32cube.common.mx_6.10.0.202311202037//db//plugins/mcufinder/images/
2024-05-09 10:19:11,400 [WARN] DbFile:41 - Overriding database path with different value: /Users/nataliebrown/.stmcufinder/plugins/mcufinder/ => /Users/nataliebrown/.stmcufinder/plugins/mcufinder
2024-05-09 10:19:11,400 [INFO] ApiDb:250 - Set database path to: /Users/nataliebrown/.stmcufinder/plugins/mcufinder//mcu/
2024-05-09 10:19:11,400 [WARN] DbFile:41 - Overriding database path with different value: /Users/nataliebrown/.stmcufinder/plugins/mcufinder/ => /Users/nataliebrown/.stmcufinder/plugins/mcufinder
2024-05-09 10:19:11,400 [INFO] DbMcusAds:125 - Set database path to: /Users/nataliebrown/.stmcufinder/plugins/mcufinder//mcu/
2024-05-09 10:19:11,400 [WARN] DbFile:41 - Overriding database path with different value: /Users/nataliebrown/.stmcufinder/plugins/mcufinder/ => /Users/nataliebrown/.stmcufinder/plugins/mcufinder
2024-05-09 10:19:11,400 [WARN] DbFile:41 - Overriding database path with different value: /Users/nataliebrown/.stmcufinder/plugins/mcufinder/ => /Users/nataliebrown/.stmcufinder/plugins/mcufinder
2024-05-09 10:19:11,400 [INFO] CrossReferenceDbSqlite:203 - Set database path to: /Users/nataliebrown/.stmcufinder/plugins/mcufinder//mcu/cs/
2024-05-09 10:19:11,427 [INFO] ApplicationProperties:184 - Using Application install path: /Applications/STM32CubeIDE.app/Contents/Eclipse/plugins/com.st.stm32cube.common.mx_6.10.0.202311202037
2024-05-09 10:19:11,428 [INFO] PluginManage:196 - Search for loadable plugins [exclusion list=, ]
2024-05-09 10:19:11,430 [INFO] PluginManage:310 - Check plugin analytics
2024-05-09 10:19:11,659 [INFO] AnalyticsPlugin:253 - Accepted Software Licenses: 
2024-05-09 10:19:11,659 [INFO] AnalyticsPlugin:255 - Accepted CMSIS Pack Licenses: 
2024-05-09 10:19:11,659 [INFO] AnalyticsPlugin:257 - Accepted Firmware Licenses: 
2024-05-09 10:19:11,670 [INFO] PluginManage:359 - Loaded plugin analytics (category:tool,tabindex:-1)
2024-05-09 10:19:11,671 [INFO] PluginManage:310 - Check plugin cadmodel
2024-05-09 10:19:12,044 [INFO] CADModel:105 - Init CAD model plugin
2024-05-09 10:19:12,044 [INFO] PluginManage:359 - Loaded plugin cadmodel (category:power,tabindex:5)
2024-05-09 10:19:12,045 [INFO] PluginManage:310 - Check plugin clock
2024-05-09 10:19:12,055 [INFO] PluginManage:359 - Loaded plugin clock (category:base,tabindex:2)
2024-05-09 10:19:12,055 [INFO] PluginManage:310 - Check plugin ddr
2024-05-09 10:19:12,056 [INFO] PluginManage:359 - Loaded plugin ddr (category:tool,tabindex:6)
2024-05-09 10:19:12,056 [INFO] PluginManage:310 - Check plugin filemanager
2024-05-09 10:19:12,188 [INFO] PluginManage:359 - Loaded plugin filemanager (category:base,tabindex:10)
2024-05-09 10:19:12,189 [INFO] PluginManage:310 - Check plugin ipmanager
2024-05-09 10:19:12,195 [INFO] PluginManage:359 - Loaded plugin ipmanager (category:base,tabindex:5)
2024-05-09 10:19:12,195 [INFO] PluginManage:310 - Check plugin lpbam
2024-05-09 10:19:12,203 [INFO] PluginManage:359 - Loaded plugin lpbam (category:base,tabindex:0)
2024-05-09 10:19:12,203 [INFO] PluginManage:310 - Check plugin memorymap
2024-05-09 10:19:12,212 [INFO] PluginManage:359 - Loaded plugin memorymap (category:base,tabindex:4)
2024-05-09 10:19:12,212 [INFO] PluginManage:310 - Check plugin pinoutandconfiguration
2024-05-09 10:19:12,216 [INFO] PluginManage:359 - Loaded plugin pinoutandconfiguration (category:base,tabindex:1)
2024-05-09 10:19:12,216 [INFO] PluginManage:310 - Check plugin pinoutconfig
2024-05-09 10:19:12,300 [WARN] SupportedApi:132 - Cannot load RTOS API schema: s4s-elt-must-match.1: The content of 'definitions' must match (annotation?, (simpleType | complexType)?, (unique | key | keyref)*)). A problem was found starting at: attribute.
2024-05-09 10:19:12,440 [INFO] PluginManage:359 - Loaded plugin pinoutconfig (category:base,tabindex:0)
2024-05-09 10:19:12,440 [INFO] PluginManage:310 - Check plugin power
2024-05-09 10:19:12,457 [INFO] PluginManage:359 - Loaded plugin power (category:power,tabindex:4)
2024-05-09 10:19:12,457 [INFO] PluginManage:310 - Check plugin projectmanager
2024-05-09 10:19:12,483 [INFO] PluginManage:359 - Loaded plugin projectmanager (category:projectmanager,tabindex:3)
2024-05-09 10:19:12,484 [INFO] PluginManage:310 - Check plugin thirdparty
2024-05-09 10:19:12,602 [INFO] PluginManage:359 - Loaded plugin thirdparty (category:base,tabindex:-1)
2024-05-09 10:19:12,603 [INFO] PluginManage:310 - Check plugin tools
2024-05-09 10:19:12,602 [WARN] IntegrityCheckThread:84 - waiting for thirdparty lock release [integrity check]
2024-05-09 10:19:12,606 [INFO] IntegrityCheckThread:86 - entering critical section [integrity check]
2024-05-09 10:19:12,608 [INFO] ThirdPartyUpdaterWithRetryManager:70 - Updater plugin not ready yet. [1/15]
2024-05-09 10:19:12,609 [INFO] PluginManage:359 - Loaded plugin tools (category:base,tabindex:7)
2024-05-09 10:19:12,609 [INFO] PluginManage:310 - Check plugin tutovideos
2024-05-09 10:19:12,737 [INFO] PluginManage:359 - Loaded plugin tutovideos (category:base,tabindex:-1)
2024-05-09 10:19:12,737 [INFO] PluginManage:310 - Check plugin updater
2024-05-09 10:19:12,748 [INFO] PluginManage:359 - Loaded plugin updater (category:base,tabindex:12)
2024-05-09 10:19:12,749 [INFO] PluginManage:310 - Check plugin userauth
2024-05-09 10:19:12,753 [INFO] UserAuth:114 - Init User Auth plugin
2024-05-09 10:19:12,753 [INFO] PluginManage:359 - Loaded plugin userauth (category:base,tabindex:14)
2024-05-09 10:19:12,755 [INFO] PluginManage:283 - PluginManage : Loaded plugins [17]
2024-05-09 10:19:12,955 [INFO] PinOutPanel:1499 - setPackage(No Configuration,No Configuration)
2024-05-09 10:19:13,006 [INFO] CADModel:165 - CPN selected for project level
2024-05-09 10:19:13,006 [INFO] CADModel:114 - Register for checkConnection events
2024-05-09 10:19:13,014 [INFO] IPUIPlugin:80 - create IPUIPlugin
2024-05-09 10:19:13,015 [INFO] PluginManager:220 - loadIPPluginJar : add mdma
2024-05-09 10:19:13,020 [INFO] IPUIPlugin:80 - create IPUIPlugin
2024-05-09 10:19:13,020 [INFO] PluginManager:220 - loadIPPluginJar : add freertos
2024-05-09 10:19:13,022 [INFO] IPUIPlugin:80 - create IPUIPlugin
2024-05-09 10:19:13,022 [INFO] PluginManager:220 - loadIPPluginJar : add gic
2024-05-09 10:19:13,026 [INFO] IPUIPlugin:80 - create IPUIPlugin
2024-05-09 10:19:13,027 [INFO] PluginManager:220 - loadIPPluginJar : add adc
2024-05-09 10:19:13,028 [INFO] IPUIPlugin:80 - create IPUIPlugin
2024-05-09 10:19:13,028 [INFO] PluginManager:220 - loadIPPluginJar : add gtzc
2024-05-09 10:19:13,029 [INFO] IPUIPlugin:80 - create IPUIPlugin
2024-05-09 10:19:13,029 [INFO] PluginManager:220 - loadIPPluginJar : add quadspi
2024-05-09 10:19:13,030 [INFO] IPUIPlugin:80 - create IPUIPlugin
2024-05-09 10:19:13,030 [INFO] PluginManager:220 - loadIPPluginJar : add aes
2024-05-09 10:19:13,032 [INFO] IPUIPlugin:80 - create IPUIPlugin
2024-05-09 10:19:13,032 [INFO] PluginManager:220 - loadIPPluginJar : add pdm2pcm
2024-05-09 10:19:13,033 [INFO] IPUIPlugin:80 - create IPUIPlugin
2024-05-09 10:19:13,033 [INFO] PluginManager:220 - loadIPPluginJar : add hash
2024-05-09 10:19:13,034 [INFO] IPUIPlugin:80 - create IPUIPlugin
2024-05-09 10:19:13,034 [INFO] PluginManager:220 - loadIPPluginJar : add tim
2024-05-09 10:19:13,034 [INFO] IPUIPlugin:80 - create IPUIPlugin
2024-05-09 10:19:13,034 [INFO] PluginManager:220 - loadIPPluginJar : add tsc
2024-05-09 10:19:13,035 [INFO] IPUIPlugin:80 - create IPUIPlugin
2024-05-09 10:19:13,035 [INFO] PluginManager:220 - loadIPPluginJar : add ts
2024-05-09 10:19:13,036 [INFO] IPUIPlugin:80 - create IPUIPlugin
2024-05-09 10:19:13,037 [INFO] PluginManager:220 - loadIPPluginJar : add can
2024-05-09 10:19:13,037 [INFO] IPUIPlugin:80 - create IPUIPlugin
2024-05-09 10:19:13,037 [INFO] PluginManager:220 - loadIPPluginJar : add dma3
2024-05-09 10:19:13,038 [INFO] IPUIPlugin:80 - create IPUIPlugin
2024-05-09 10:19:13,038 [INFO] PluginManager:220 - loadIPPluginJar : add dfsdm
2024-05-09 10:19:13,039 [INFO] IPUIPlugin:80 - create IPUIPlugin
2024-05-09 10:19:13,039 [INFO] PluginManager:220 - loadIPPluginJar : add spi
2024-05-09 10:19:13,041 [INFO] IPUIPlugin:80 - create IPUIPlugin
2024-05-09 10:19:13,041 [INFO] PluginManager:220 - loadIPPluginJar : add gfxmmu
2024-05-09 10:19:13,042 [INFO] IPUIPlugin:80 - create IPUIPlugin
2024-05-09 10:19:13,042 [INFO] PluginManager:220 - loadIPPluginJar : add genericplugin
2024-05-09 10:19:13,043 [INFO] IPUIPlugin:80 - create IPUIPlugin
2024-05-09 10:19:13,043 [INFO] PluginManager:220 - loadIPPluginJar : add cryp
2024-05-09 10:19:13,045 [INFO] IPUIPlugin:80 - create IPUIPlugin
2024-05-09 10:19:13,045 [INFO] PluginManager:220 - loadIPPluginJar : add gpio
2024-05-09 10:19:13,046 [INFO] IPUIPlugin:80 - create IPUIPlugin
2024-05-09 10:19:13,047 [INFO] PluginManager:220 - loadIPPluginJar : add comp
2024-05-09 10:19:13,048 [INFO] IPUIPlugin:80 - create IPUIPlugin
2024-05-09 10:19:13,048 [INFO] PluginManager:220 - loadIPPluginJar : add tracer_emb
2024-05-09 10:19:13,049 [INFO] IPUIPlugin:80 - create IPUIPlugin
2024-05-09 10:19:13,050 [INFO] PluginManager:220 - loadIPPluginJar : add openamp
2024-05-09 10:19:13,052 [INFO] IPUIPlugin:80 - create IPUIPlugin
2024-05-09 10:19:13,052 [INFO] PluginManager:220 - loadIPPluginJar : add stm32_wpan
2024-05-09 10:19:13,055 [INFO] IPUIPlugin:80 - create IPUIPlugin
2024-05-09 10:19:13,057 [INFO] PluginManager:220 - loadIPPluginJar : add plateformsettings
2024-05-09 10:19:13,059 [INFO] IPUIPlugin:80 - create IPUIPlugin
2024-05-09 10:19:13,059 [INFO] PluginManager:220 - loadIPPluginJar : add ipddr
2024-05-09 10:19:13,060 [INFO] IPUIPlugin:80 - create IPUIPlugin
2024-05-09 10:19:13,060 [INFO] PluginManager:220 - loadIPPluginJar : add usart
2024-05-09 10:19:13,061 [INFO] IPUIPlugin:80 - create IPUIPlugin
2024-05-09 10:19:13,061 [INFO] PluginManager:220 - loadIPPluginJar : add ltdc
2024-05-09 10:19:13,063 [INFO] IPUIPlugin:80 - create IPUIPlugin
2024-05-09 10:19:13,063 [INFO] PluginManager:220 - loadIPPluginJar : add nvic
2024-05-09 10:19:13,064 [INFO] IPUIPlugin:80 - create IPUIPlugin
2024-05-09 10:19:13,064 [INFO] PluginManager:220 - loadIPPluginJar : add fatfs
2024-05-09 10:19:13,068 [INFO] IPUIPlugin:80 - create IPUIPlugin
2024-05-09 10:19:13,068 [INFO] PluginManager:220 - loadIPPluginJar : add linkedlist
2024-05-09 10:19:13,072 [INFO] IPUIPlugin:80 - create IPUIPlugin
2024-05-09 10:19:13,073 [INFO] PluginManager:220 - loadIPPluginJar : add dma
2024-05-09 10:19:13,076 [INFO] IPUIPlugin:80 - create IPUIPlugin
2024-05-09 10:19:13,077 [INFO] PluginManager:220 - loadIPPluginJar : add fmc
2024-05-09 10:19:13,078 [INFO] IPUIPlugin:80 - create IPUIPlugin
2024-05-09 10:19:13,078 [INFO] PluginManager:220 - loadIPPluginJar : add i2s
2024-05-09 10:19:13,079 [INFO] IPUIPlugin:80 - create IPUIPlugin
2024-05-09 10:19:13,079 [INFO] PluginManager:220 - loadIPPluginJar : add ucpd
2024-05-09 10:19:13,080 [INFO] IPUIPlugin:80 - create IPUIPlugin
2024-05-09 10:19:13,080 [INFO] PluginManager:220 - loadIPPluginJar : add lorawan
2024-05-09 10:19:13,082 [INFO] IPUIPlugin:80 - create IPUIPlugin
2024-05-09 10:19:13,082 [INFO] PluginManager:220 - loadIPPluginJar : add opamp
2024-05-09 10:19:13,084 [INFO] IPUIPlugin:80 - create IPUIPlugin
2024-05-09 10:19:13,084 [INFO] PluginManager:220 - loadIPPluginJar : add i3c
2024-05-09 10:19:13,086 [INFO] IPUIPlugin:80 - create IPUIPlugin
2024-05-09 10:19:13,086 [INFO] PluginManager:220 - loadIPPluginJar : add touchsensing
2024-05-09 10:19:13,087 [INFO] IPUIPlugin:80 - create IPUIPlugin
2024-05-09 10:19:13,087 [INFO] PluginManager:220 - loadIPPluginJar : add i2c
2024-05-09 10:19:13,088 [INFO] IPUIPlugin:80 - create IPUIPlugin
2024-05-09 10:19:13,088 [INFO] PluginManager:220 - loadIPPluginJar : add resmgrutility
2024-05-09 10:19:13,089 [INFO] IPUIPlugin:80 - create IPUIPlugin
2024-05-09 10:19:13,089 [INFO] PluginManager:220 - loadIPPluginJar : add sai
2024-05-09 10:19:13,090 [INFO] IPUIPlugin:80 - create IPUIPlugin
2024-05-09 10:19:13,090 [INFO] PluginManager:220 - loadIPPluginJar : add usbx
2024-05-09 10:19:13,208 [INFO] CADModel:165 - CPN selected for project level
2024-05-09 10:19:13,209 [INFO] CADModel:114 - Register for checkConnection events
2024-05-09 10:19:13,209 [FATAL] Updater:308 - Updater called before beeing initialized
2024-05-09 10:19:13,209 [ERROR] CADModel:125 - Updater not yet initialized, retry later 
2024-05-09 10:19:13,409 [INFO] CADModel:165 - CPN selected for project level
2024-05-09 10:19:13,409 [INFO] CADModel:114 - Register for checkConnection events
2024-05-09 10:19:13,409 [FATAL] Updater:308 - Updater called before beeing initialized
2024-05-09 10:19:13,410 [ERROR] CADModel:125 - Updater not yet initialized, retry later 
2024-05-09 10:19:13,412 [FATAL] Updater:308 - Updater called before beeing initialized
2024-05-09 10:19:13,531 [FATAL] Updater:308 - Updater called before beeing initialized
2024-05-09 10:19:13,536 [INFO] DbMcusAds:53 - JSON generation date=Thu May 02 18:37:29 AEST 2024 (1714639049318)
2024-05-09 10:19:13,536 [FATAL] Updater:308 - Updater called before beeing initialized
2024-05-09 10:19:13,622 [WARN] DetailPanel:346 - Failed to get advertising image, set to default
2024-05-09 10:19:13,821 [FATAL] Updater:308 - Updater called before beeing initialized
2024-05-09 10:19:13,835 [FATAL] Updater:308 - Updater called before beeing initialized
2024-05-09 10:19:13,835 [FATAL] Updater:308 - Updater called before beeing initialized
2024-05-09 10:19:13,836 [WARN] DetailPanel:346 - Failed to get advertising image, set to default
2024-05-09 10:19:13,855 [FATAL] Updater:308 - Updater called before beeing initialized
2024-05-09 10:19:13,987 [ERROR] Updater:1120 - MainUpdater not yet initialized. External WinMGr cannot be set.
2024-05-09 10:19:14,027 [INFO] Updater:1056 - Updater Version found : 6.10.0
2024-05-09 10:19:14,041 [INFO] ApplicationProperties:184 - Using Application install path: /Applications/STM32CubeIDE.app/Contents/Eclipse/plugins/com.st.stm32cube.common.mx_6.10.0.202311202037
2024-05-09 10:19:14,690 [INFO] MainUpdater:2873 - connection check result : 10
2024-05-09 10:19:14,691 [INFO] MainUpdater:3567 - Updater definition file requires update
2024-05-09 10:19:14,692 [INFO] MainUpdater:290 - Updater Check For Update Now.
2024-05-09 10:19:14,693 [INFO] MicroXplorer:498 - Change Database Version : DB.6.0.100
2024-05-09 10:19:14,708 [INFO] McuFinderGlobals:63 - Set McuFinder mode to 2 (CubeIDE integrated)
2024-05-09 10:19:14,708 [INFO] UserAuth:180 - activating auth plugin
2024-05-09 10:19:14,719 [INFO] UserAuth:404 - Internet connection configuration mode: 1
2024-05-09 10:19:14,730 [INFO] JxBrowserEngine:152 - Initiate JxBrowser Engine with user profile folder
2024-05-09 10:19:15,626 [WARN] MainUpdater:1194 - Updater busy. Cannot search thirdparties
2024-05-09 10:19:15,628 [INFO] ThirdPartyUpdaterWithRetryManager:96 - Updater plugin is busy. [1/15]
2024-05-09 10:19:17,536 [INFO] ServerAccessManage:473 - Download File updaters.zip
2024-05-09 10:19:17,677 [INFO] FileExtend:240 - Unzip File : updaters.zip
2024-05-09 10:19:17,678 [INFO] FileExtend:255 - Standard Zip Deflate
2024-05-09 10:19:18,644 [WARN] MainUpdater:1194 - Updater busy. Cannot search thirdparties
2024-05-09 10:19:18,648 [INFO] ThirdPartyUpdaterWithRetryManager:96 - Updater plugin is busy. [2/15]
2024-05-09 10:19:19,469 [INFO] ServerAccessManage:473 - Download File PacksControlFlags.xml
2024-05-09 10:19:20,621 [INFO] WebApp:161 - Instantiating new browser for Auth
2024-05-09 10:19:20,955 [INFO] ServerAccessManage:473 - Download File cubemx.pidx
2024-05-09 10:19:21,656 [WARN] MainUpdater:1194 - Updater busy. Cannot search thirdparties
2024-05-09 10:19:21,658 [INFO] ThirdPartyUpdaterWithRetryManager:96 - Updater plugin is busy. [3/15]
2024-05-09 10:19:22,304 [INFO] WebApp:780 - Register for checkConnection events
2024-05-09 10:19:22,305 [INFO] WebApp:414 - Apply proxy settings
2024-05-09 10:19:22,310 [INFO] WebApp:459 - Chromium authenticates against Manually configured proxy
2024-05-09 10:19:22,322 [INFO] WebApp:467 - Username used for proxy authentication: 
2024-05-09 10:19:22,466 [INFO] WebApp:192 - Starting web application
2024-05-09 10:19:22,466 [INFO] WebApp:544 - Web application path used /Applications/STM32CubeIDE.app/Contents/Eclipse/plugins/com.st.stm32cube.common.mx_6.10.0.202311202037/db/plugins/mcufinder/reactClient1/index.html
2024-05-09 10:19:23,769 [INFO] ServerAccessManage:473 - Download File STMicroelectronics.X-CUBE-ALGOBUILD.pdsc
2024-05-09 10:19:24,664 [WARN] MainUpdater:1194 - Updater busy. Cannot search thirdparties
2024-05-09 10:19:24,665 [INFO] ThirdPartyUpdaterWithRetryManager:96 - Updater plugin is busy. [4/15]
2024-05-09 10:19:27,669 [WARN] MainUpdater:1194 - Updater busy. Cannot search thirdparties
2024-05-09 10:19:27,670 [INFO] ThirdPartyUpdaterWithRetryManager:96 - Updater plugin is busy. [5/15]
2024-05-09 10:19:30,678 [WARN] MainUpdater:1194 - Updater busy. Cannot search thirdparties
2024-05-09 10:19:30,681 [INFO] ThirdPartyUpdaterWithRetryManager:96 - Updater plugin is busy. [6/15]
2024-05-09 10:19:33,003 [WARN] PackLoader:240 - Cannot read IP mode file for STMicroelectronics.X-CUBE-ALGOBUILD.1.4.0
2024-05-09 10:19:33,056 [INFO] PopulateThirdPartyThread:66 - Ending populate Thread
2024-05-09 10:19:33,063 [INFO] ThirdParty:1030 - CMSIS Pack Vendor :STMicroelectronics X-CUBE-ALGOBUILD 1.4.0
2024-05-09 10:19:33,063 [INFO] LoadServerUpdatesThread:375 - End of LoadServerUpdate Thread
2024-05-09 10:19:33,218 [INFO] CheckServerUpdateThread:120 - End of CheckServer Thread
2024-05-09 10:19:33,815 [WARN] PackLoader:240 - Cannot read IP mode file for STMicroelectronics.FP-SNS-MOTENVWB1.1.4.0
2024-05-09 10:19:33,829 [WARN] PackLoader:240 - Cannot read IP mode file for STMicroelectronics.X-CUBE-SMBUS.2.1.0
2024-05-09 10:19:33,842 [WARN] PackLoader:240 - Cannot read IP mode file for STMicroelectronics.X-CUBE-TOUCHGFX.4.23.0
2024-05-09 10:19:33,845 [WARN] PackLoader:240 - Cannot read IP mode file for STMicroelectronics.X-CUBE-TOUCHGFX.4.23.2
2024-05-09 10:19:33,935 [WARN] PackLoader:240 - Cannot read IP mode file for STMicroelectronics.X-CUBE-AZRTOS-F7.1.1.0
2024-05-09 10:19:33,959 [WARN] PackLoader:240 - Cannot read IP mode file for STMicroelectronics.FP-SNS-MOTENV1.4.3.2
2024-05-09 10:19:33,979 [WARN] PackLoader:240 - Cannot read IP mode file for STMicroelectronics.FP-SNS-FLIGHT1.5.0.2
2024-05-09 10:19:33,992 [WARN] PackLoader:240 - Cannot read IP mode file for STMicroelectronics.X-CUBE-DISPLAY.3.0.0
2024-05-09 10:19:34,017 [WARN] PackLoader:240 - Cannot read IP mode file for STMicroelectronics.X-CUBE-BLE1.7.0.0
2024-05-09 10:19:34,034 [WARN] PackLoader:240 - Cannot read IP mode file for emotas.I-CUBE-CANOPEN.1.3.0
2024-05-09 10:19:34,084 [WARN] PackLoader:240 - Cannot read IP mode file for STMicroelectronics.X-CUBE-BLEMGR.3.1.0
2024-05-09 10:19:34,109 [WARN] PackLoader:240 - Cannot read IP mode file for STMicroelectronics.FP-SNS-SMARTAG2.1.2.0
2024-05-09 10:19:34,137 [INFO] LogOutputStream:77 - [STDOUT_REDIRECT] 1 : Invalid condition id : UX_CORESTACK_Condition cause : null
2024-05-09 10:19:34,138 [INFO] LogOutputStream:77 - [STDOUT_REDIRECT] 1 : Invalid condition id : UX_CORESTACK_Condition cause : null
2024-05-09 10:19:34,138 [INFO] LogOutputStream:77 - [STDOUT_REDIRECT] 1 : Invalid condition id : UX_CORESTACK_Condition cause : null
2024-05-09 10:19:34,139 [INFO] LogOutputStream:77 - [STDOUT_REDIRECT] 1 : Invalid condition id : UX_CORESTACK_Condition cause : null
2024-05-09 10:19:34,139 [INFO] LogOutputStream:77 - [STDOUT_REDIRECT] 1 : Invalid condition id : UX_CORESTACK_Condition cause : null
2024-05-09 10:19:34,144 [WARN] PackLoader:240 - Cannot read IP mode file for STMicroelectronics.X-CUBE-AZRTOS-WL.2.0.0
2024-05-09 10:19:34,159 [WARN] PackLoader:240 - Cannot read IP mode file for STMicroelectronics.FP-SNS-MOTENV1.5.0.0
2024-05-09 10:19:34,171 [WARN] PackLoader:240 - Cannot read IP mode file for WES.I-CUBE-Cesium.1.3.0
2024-05-09 10:19:34,190 [WARN] PackLoader:240 - Cannot read IP mode file for STMicroelectronics.X-CUBE-BLE2.3.3.0
2024-05-09 10:19:34,197 [WARN] PackLoader:240 - Cannot read IP mode file for STMicroelectronics.X-CUBE-TCPP.4.1.0
2024-05-09 10:19:34,214 [WARN] PackLoader:240 - Cannot read IP mode file for STMicroelectronics.X-CUBE-ALGOBUILD.1.3.0
2024-05-09 10:19:34,253 [WARN] PackLoader:240 - Cannot read IP mode file for STMicroelectronics.X-CUBE-AZRTOS-G0.1.1.0
2024-05-09 10:19:34,269 [WARN] PackLoader:240 - Cannot read IP mode file for STMicroelectronics.X-CUBE-SAFEA1.1.2.2
2024-05-09 10:19:34,278 [WARN] PackLoader:240 - Cannot read IP mode file for STMicroelectronics.X-CUBE-NFC4.3.0.0
2024-05-09 10:19:34,303 [WARN] PackLoader:240 - Cannot read IP mode file for STMicroelectronics.X-CUBE-BLEMGR.3.0.0
2024-05-09 10:19:34,313 [WARN] PackLoader:240 - Cannot read IP mode file for STMicroelectronics.FP-ATR-SIGFOX1.3.2.0
2024-05-09 10:19:34,339 [WARN] PackLoader:240 - Cannot read IP mode file for STMicroelectronics.X-CUBE-EEPRMA1.5.1.0
2024-05-09 10:19:34,408 [WARN] PackLoader:240 - Cannot read IP mode file for SEGGER.I-CUBE-embOS.1.3.1
2024-05-09 10:19:34,475 [WARN] PackLoader:240 - Cannot read IP mode file for STMicroelectronics.X-CUBE-ALGOBUILD.1.4.0
2024-05-09 10:19:34,492 [WARN] PackLoader:240 - Cannot read IP mode file for STMicroelectronics.X-CUBE-GNSS1.6.0.0
2024-05-09 10:19:34,518 [WARN] PackLoader:240 - Cannot read IP mode file for STMicroelectronics.X-CUBE-AZRTOS-F4.1.1.0
2024-05-09 10:19:34,531 [WARN] PackLoader:240 - Cannot read IP mode file for STMicroelectronics.X-CUBE-FREERTOS.1.2.0
2024-05-09 10:19:34,535 [WARN] PackLoader:240 - Cannot read IP mode file for wolfSSL.I-CUBE-wolfSSL.5.6.6
2024-05-09 10:19:34,556 [WARN] PackLoader:240 - Cannot read IP mode file for STMicroelectronics.X-CUBE-AZRTOS-L5.2.0.0
2024-05-09 10:19:34,572 [WARN] PackLoader:240 - Cannot read IP mode file for STMicroelectronics.X-CUBE-NFC6.3.1.0
2024-05-09 10:19:34,580 [WARN] PackLoader:240 - Cannot read IP mode file for ITTIA_DB.I-CUBE-ITTIADB.8.8.0
2024-05-09 10:19:34,586 [WARN] PackLoader:240 - Cannot read IP mode file for STMicroelectronics.X-CUBE-AI.9.0.0
2024-05-09 10:19:34,592 [WARN] PackLoader:240 - Cannot read IP mode file for STMicroelectronics.X-CUBE-NFC7.1.0.1
2024-05-09 10:19:34,612 [WARN] PackLoader:240 - Cannot read IP mode file for STMicroelectronics.X-CUBE-NFC6.3.0.0
2024-05-09 10:19:34,618 [WARN] PackLoader:240 - Cannot read IP mode file for STMicroelectronics.X-CUBE-AI.8.1.0
2024-05-09 10:19:34,639 [WARN] ConditionMgr:438 - getConditionDescription Invalid condition id : LAN8742 Phy interface Condition cause : null
2024-05-09 10:19:34,641 [WARN] PackLoader:240 - Cannot read IP mode file for STMicroelectronics.X-CUBE-AZRTOS-L4.2.0.0
2024-05-09 10:19:34,645 [WARN] ConditionMgr:1039 - genDependencies : Invalid condition id : LAN8742 Phy interface Condition cause : null
2024-05-09 10:19:34,645 [WARN] ConditionMgr:1039 - genDependencies : Invalid condition id : LAN8742 Phy interface Condition cause : null
2024-05-09 10:19:34,646 [WARN] ConditionMgr:1039 - genDependencies : Invalid condition id : LAN8742 Phy interface Condition cause : null
2024-05-09 10:19:34,653 [WARN] PackLoader:240 - Cannot read IP mode file for STMicroelectronics.X-CUBE-SFXS2LP1.4.0.0
2024-05-09 10:19:34,668 [WARN] ConditionMgr:438 - getConditionDescription Invalid condition id : UX DEVICE CLASS RTOS Condition cause : null
2024-05-09 10:19:34,669 [WARN] ConditionMgr:438 - getConditionDescription Invalid condition id : UX DEVICE CLASS RTOS Condition cause : null
2024-05-09 10:19:34,673 [WARN] PackLoader:240 - Cannot read IP mode file for STMicroelectronics.X-CUBE-AZRTOS-WB.2.0.0
2024-05-09 10:19:34,674 [WARN] ConditionMgr:1039 - genDependencies : Invalid condition id : UX DEVICE CLASS RTOS Condition cause : null
2024-05-09 10:19:34,674 [WARN] ConditionMgr:1039 - genDependencies : Invalid condition id : UX DEVICE CLASS RTOS Condition cause : null
2024-05-09 10:19:34,674 [WARN] ConditionMgr:1039 - genDependencies : Invalid condition id : UX DEVICE CLASS RTOS Condition cause : null
2024-05-09 10:19:34,675 [WARN] ConditionMgr:1039 - genDependencies : Invalid condition id : UX DEVICE CLASS RTOS Condition cause : null
2024-05-09 10:19:34,675 [WARN] ConditionMgr:1039 - genDependencies : Invalid condition id : UX DEVICE CLASS RTOS Condition cause : null
2024-05-09 10:19:34,686 [WARN] PackLoader:240 - Cannot read IP mode file for STMicroelectronics.X-CUBE-SUBG2.5.0.0
2024-05-09 10:19:34,710 [WARN] PackLoader:240 - Cannot read IP mode file for STMicroelectronics.X-CUBE-AZRTOS-G4.2.0.0
2024-05-09 10:19:34,727 [WARN] PackLoader:240 - Cannot read IP mode file for Infineon.AIROC-Wi-Fi-Bluetooth-STM32.1.5.1
2024-05-09 10:19:34,734 [WARN] PackLoader:240 - Cannot read IP mode file for STMicroelectronics.FP-SNS-MOTENVWB1.1.3.1
2024-05-09 10:19:34,738 [WARN] PackLoader:240 - Cannot read IP mode file for STMicroelectronics.X-CUBE-ISPU.2.0.0
2024-05-09 10:19:34,794 [WARN] PackLoader:240 - Cannot read IP mode file for STMicroelectronics.X-CUBE-MEMS1.10.0.0
2024-05-09 10:19:34,918 [WARN] PackLoader:240 - Cannot read IP mode file for STMicroelectronics.X-CUBE-FREERTOS.1.1.0
2024-05-09 10:19:34,926 [WARN] PackLoader:240 - Cannot read IP mode file for portGmbH.I-Cube-SoM-uGOAL.1.1.0
2024-05-09 10:19:34,930 [WARN] PackLoader:240 - Cannot read IP mode file for STMicroelectronics.X-CUBE-ALS.1.0.1
2024-05-09 10:19:34,955 [WARN] PackLoader:240 - Cannot read IP mode file for STMicroelectronics.X-CUBE-AZRTOS-H7RS.1.0.0
2024-05-09 10:19:34,964 [WARN] PackLoader:240 - Cannot read IP mode file for STMicroelectronics.FP-ATR-ASTRA1.2.0.0
2024-05-09 10:19:34,981 [WARN] PackLoader:240 - Cannot read IP mode file for STMicroelectronics.X-CUBE-TOF1.3.4.0
2024-05-09 10:19:35,013 [WARN] PackLoader:240 - Cannot read IP mode file for STMicroelectronics.X-CUBE-TOF1.3.4.1
2024-05-09 10:19:35,048 [WARN] PackLoader:240 - Cannot read IP mode file for STMicroelectronics.X-CUBE-AZRTOS-H7.3.2.0
2024-05-09 10:19:35,053 [INFO] ThirdParty:978 - Integrity check success = true
2024-05-09 10:19:35,053 [INFO] IntegrityCheckThread:100 - exiting critical section [integrity check]
2024-05-09 10:19:35,053 [INFO] IntegrityCheckThread:103 - End integrity checks thread
2024-05-09 10:19:43,643 [ERROR] LogOutputStream:75 - [STDERR_REDIRECT] SLF4J: Failed to load class "org.slf4j.impl.StaticLoggerBinder".
2024-05-09 10:19:43,644 [ERROR] LogOutputStream:75 - [STDERR_REDIRECT] SLF4J: Defaulting to no-operation (NOP) logger implementation
2024-05-09 10:19:43,644 [ERROR] LogOutputStream:75 - [STDERR_REDIRECT] SLF4J: See http://www.slf4j.org/codes.html#StaticLoggerBinder for further details.
2024-05-09 13:44:42,103 [ERROR] LogOutputStream:75 - [STDERR_REDIRECT] 
