2024-05-15 13:17:09,569 [INFO] Activator:176 - 


2024-05-15 13:17:09,574 [INFO] Activator:177 - !SESSION log4j initialized
2024-05-15 13:17:13,867 [ERROR] LogOutputStream:75 - [STDERR_REDIRECT] 
2024-05-15 13:17:14,516 [INFO] LogOutputStream:77 - [STDOUT_REDIRECT] 
2024-05-15 13:17:16,191 [INFO] LogOutputStream:77 - [STDOUT_REDIRECT] 
2024-05-15 13:17:17,305 [ERROR] LogOutputStream:75 - [STDERR_REDIRECT] [Fatal Error] :2:10: DOCTYPE is disallowed when the feature "http://apache.org/xml/features/disallow-doctype-decl" set to true.
2024-05-15 13:17:17,307 [ERROR] LogOutputStream:75 - [STDERR_REDIRECT] 
2024-05-15 13:17:17,829 [INFO] ApplicationProperties:184 - Using Application install path: /Applications/STM32CubeIDE.app/Contents/Eclipse/plugins/com.st.stm32cube.common.mx_6.10.0.202311202037
2024-05-15 13:17:17,843 [INFO] DbMcusXml:78 - Set database path to: /Applications/STM32CubeIDE.app/Contents/Eclipse/plugins/com.st.stm32cube.common.mx_6.10.0.202311202037//db//mcu/
2024-05-15 13:17:17,843 [INFO] ApiDb:274 - Set plugin database path to: /Applications/STM32CubeIDE.app/Contents/Eclipse/plugins/com.st.stm32cube.common.mx_6.10.0.202311202037//db//plugins/boardmanager/
2024-05-15 13:17:17,843 [WARN] ApiDb:259 - Overriding images path with different value:  => /Applications/STM32CubeIDE.app/Contents/Eclipse/plugins/com.st.stm32cube.common.mx_6.10.0.202311202037//db//plugins/mcufinder/images/
2024-05-15 13:17:17,850 [INFO] ApiDb:250 - Set database path to: /Users/nataliebrown/.stmcufinder/plugins/mcufinder//mcu/
2024-05-15 13:17:17,851 [INFO] DbMcusAds:125 - Set database path to: /Users/nataliebrown/.stmcufinder/plugins/mcufinder//mcu/
2024-05-15 13:17:17,852 [INFO] CrossReferenceDbSqlite:203 - Set database path to: /Users/nataliebrown/.stmcufinder/plugins/mcufinder//mcu/cs/
2024-05-15 13:17:18,061 [INFO] RulesReader:64 - Compatibility file has been processed (297 Rules)
2024-05-15 13:17:18,134 [INFO] DbMcusXml:78 - Set database path to: /Applications/STM32CubeIDE.app/Contents/Eclipse/plugins/com.st.stm32cube.common.mx_6.10.0.202311202037//db//mcu/
2024-05-15 13:17:18,135 [INFO] ApiDb:274 - Set plugin database path to: /Applications/STM32CubeIDE.app/Contents/Eclipse/plugins/com.st.stm32cube.common.mx_6.10.0.202311202037//db//plugins/boardmanager/
2024-05-15 13:17:18,135 [INFO] ApiDb:261 - Set plugin images path to: /Applications/STM32CubeIDE.app/Contents/Eclipse/plugins/com.st.stm32cube.common.mx_6.10.0.202311202037//db//plugins/mcufinder/images/
2024-05-15 13:17:18,136 [WARN] DbFile:41 - Overriding database path with different value: /Users/nataliebrown/.stmcufinder/plugins/mcufinder/ => /Users/nataliebrown/.stmcufinder/plugins/mcufinder
2024-05-15 13:17:18,136 [INFO] ApiDb:250 - Set database path to: /Users/nataliebrown/.stmcufinder/plugins/mcufinder//mcu/
2024-05-15 13:17:18,136 [WARN] DbFile:41 - Overriding database path with different value: /Users/nataliebrown/.stmcufinder/plugins/mcufinder/ => /Users/nataliebrown/.stmcufinder/plugins/mcufinder
2024-05-15 13:17:18,136 [INFO] DbMcusAds:125 - Set database path to: /Users/nataliebrown/.stmcufinder/plugins/mcufinder//mcu/
2024-05-15 13:17:18,136 [WARN] DbFile:41 - Overriding database path with different value: /Users/nataliebrown/.stmcufinder/plugins/mcufinder/ => /Users/nataliebrown/.stmcufinder/plugins/mcufinder
2024-05-15 13:17:18,136 [WARN] DbFile:41 - Overriding database path with different value: /Users/nataliebrown/.stmcufinder/plugins/mcufinder/ => /Users/nataliebrown/.stmcufinder/plugins/mcufinder
2024-05-15 13:17:18,136 [INFO] CrossReferenceDbSqlite:203 - Set database path to: /Users/nataliebrown/.stmcufinder/plugins/mcufinder//mcu/cs/
2024-05-15 13:17:18,210 [INFO] MainPanel:264 - HeapMemory: 268435456
2024-05-15 13:17:18,280 [INFO] DbMcusXml:78 - Set database path to: /Applications/STM32CubeIDE.app/Contents/Eclipse/plugins/com.st.stm32cube.common.mx_6.10.0.202311202037//db//mcu/
2024-05-15 13:17:18,280 [INFO] ApiDb:274 - Set plugin database path to: /Applications/STM32CubeIDE.app/Contents/Eclipse/plugins/com.st.stm32cube.common.mx_6.10.0.202311202037//db//plugins/boardmanager/
2024-05-15 13:17:18,280 [INFO] ApiDb:261 - Set plugin images path to: /Applications/STM32CubeIDE.app/Contents/Eclipse/plugins/com.st.stm32cube.common.mx_6.10.0.202311202037//db//plugins/mcufinder/images/
2024-05-15 13:17:18,280 [WARN] DbFile:41 - Overriding database path with different value: /Users/nataliebrown/.stmcufinder/plugins/mcufinder/ => /Users/nataliebrown/.stmcufinder/plugins/mcufinder
2024-05-15 13:17:18,280 [INFO] ApiDb:250 - Set database path to: /Users/nataliebrown/.stmcufinder/plugins/mcufinder//mcu/
2024-05-15 13:17:18,280 [WARN] DbFile:41 - Overriding database path with different value: /Users/nataliebrown/.stmcufinder/plugins/mcufinder/ => /Users/nataliebrown/.stmcufinder/plugins/mcufinder
2024-05-15 13:17:18,280 [INFO] DbMcusAds:125 - Set database path to: /Users/nataliebrown/.stmcufinder/plugins/mcufinder//mcu/
2024-05-15 13:17:18,280 [WARN] DbFile:41 - Overriding database path with different value: /Users/nataliebrown/.stmcufinder/plugins/mcufinder/ => /Users/nataliebrown/.stmcufinder/plugins/mcufinder
2024-05-15 13:17:18,280 [WARN] DbFile:41 - Overriding database path with different value: /Users/nataliebrown/.stmcufinder/plugins/mcufinder/ => /Users/nataliebrown/.stmcufinder/plugins/mcufinder
2024-05-15 13:17:18,280 [INFO] CrossReferenceDbSqlite:203 - Set database path to: /Users/nataliebrown/.stmcufinder/plugins/mcufinder//mcu/cs/
2024-05-15 13:17:18,297 [INFO] ApplicationProperties:184 - Using Application install path: /Applications/STM32CubeIDE.app/Contents/Eclipse/plugins/com.st.stm32cube.common.mx_6.10.0.202311202037
2024-05-15 13:17:18,298 [INFO] PluginManage:196 - Search for loadable plugins [exclusion list=, ]
2024-05-15 13:17:18,299 [INFO] PluginManage:310 - Check plugin analytics
2024-05-15 13:17:18,487 [INFO] AnalyticsPlugin:253 - Accepted Software Licenses: 
2024-05-15 13:17:18,487 [INFO] AnalyticsPlugin:255 - Accepted CMSIS Pack Licenses: 
2024-05-15 13:17:18,487 [INFO] AnalyticsPlugin:257 - Accepted Firmware Licenses: 
2024-05-15 13:17:18,491 [INFO] PluginManage:359 - Loaded plugin analytics (category:tool,tabindex:-1)
2024-05-15 13:17:18,493 [INFO] PluginManage:310 - Check plugin cadmodel
2024-05-15 13:17:18,824 [INFO] CADModel:105 - Init CAD model plugin
2024-05-15 13:17:18,824 [INFO] PluginManage:359 - Loaded plugin cadmodel (category:power,tabindex:5)
2024-05-15 13:17:18,825 [INFO] PluginManage:310 - Check plugin clock
2024-05-15 13:17:18,834 [INFO] PluginManage:359 - Loaded plugin clock (category:base,tabindex:2)
2024-05-15 13:17:18,834 [INFO] PluginManage:310 - Check plugin ddr
2024-05-15 13:17:18,835 [INFO] PluginManage:359 - Loaded plugin ddr (category:tool,tabindex:6)
2024-05-15 13:17:18,836 [INFO] PluginManage:310 - Check plugin filemanager
2024-05-15 13:17:18,966 [INFO] PluginManage:359 - Loaded plugin filemanager (category:base,tabindex:10)
2024-05-15 13:17:18,966 [INFO] PluginManage:310 - Check plugin ipmanager
2024-05-15 13:17:18,973 [INFO] PluginManage:359 - Loaded plugin ipmanager (category:base,tabindex:5)
2024-05-15 13:17:18,973 [INFO] PluginManage:310 - Check plugin lpbam
2024-05-15 13:17:18,981 [INFO] PluginManage:359 - Loaded plugin lpbam (category:base,tabindex:0)
2024-05-15 13:17:18,981 [INFO] PluginManage:310 - Check plugin memorymap
2024-05-15 13:17:18,989 [INFO] PluginManage:359 - Loaded plugin memorymap (category:base,tabindex:4)
2024-05-15 13:17:18,989 [INFO] PluginManage:310 - Check plugin pinoutandconfiguration
2024-05-15 13:17:18,992 [INFO] PluginManage:359 - Loaded plugin pinoutandconfiguration (category:base,tabindex:1)
2024-05-15 13:17:18,993 [INFO] PluginManage:310 - Check plugin pinoutconfig
2024-05-15 13:17:19,063 [WARN] SupportedApi:132 - Cannot load RTOS API schema: s4s-elt-must-match.1: The content of 'definitions' must match (annotation?, (simpleType | complexType)?, (unique | key | keyref)*)). A problem was found starting at: attribute.
2024-05-15 13:17:19,214 [INFO] PluginManage:359 - Loaded plugin pinoutconfig (category:base,tabindex:0)
2024-05-15 13:17:19,215 [INFO] PluginManage:310 - Check plugin power
2024-05-15 13:17:19,227 [INFO] PluginManage:359 - Loaded plugin power (category:power,tabindex:4)
2024-05-15 13:17:19,227 [INFO] PluginManage:310 - Check plugin projectmanager
2024-05-15 13:17:19,254 [INFO] PluginManage:359 - Loaded plugin projectmanager (category:projectmanager,tabindex:3)
2024-05-15 13:17:19,255 [INFO] PluginManage:310 - Check plugin thirdparty
2024-05-15 13:17:19,414 [INFO] PluginManage:359 - Loaded plugin thirdparty (category:base,tabindex:-1)
2024-05-15 13:17:19,415 [INFO] PluginManage:310 - Check plugin tools
2024-05-15 13:17:19,414 [WARN] IntegrityCheckThread:84 - waiting for thirdparty lock release [integrity check]
2024-05-15 13:17:19,415 [INFO] IntegrityCheckThread:86 - entering critical section [integrity check]
2024-05-15 13:17:19,415 [INFO] ThirdPartyUpdaterWithRetryManager:70 - Updater plugin not ready yet. [1/15]
2024-05-15 13:17:19,417 [INFO] PluginManage:359 - Loaded plugin tools (category:base,tabindex:7)
2024-05-15 13:17:19,417 [INFO] PluginManage:310 - Check plugin tutovideos
2024-05-15 13:17:19,568 [INFO] PluginManage:359 - Loaded plugin tutovideos (category:base,tabindex:-1)
2024-05-15 13:17:19,569 [INFO] PluginManage:310 - Check plugin updater
2024-05-15 13:17:19,581 [INFO] PluginManage:359 - Loaded plugin updater (category:base,tabindex:12)
2024-05-15 13:17:19,581 [INFO] PluginManage:310 - Check plugin userauth
2024-05-15 13:17:19,588 [INFO] UserAuth:114 - Init User Auth plugin
2024-05-15 13:17:19,588 [INFO] PluginManage:359 - Loaded plugin userauth (category:base,tabindex:14)
2024-05-15 13:17:19,588 [INFO] PluginManage:283 - PluginManage : Loaded plugins [17]
2024-05-15 13:17:19,795 [INFO] PinOutPanel:1499 - setPackage(No Configuration,No Configuration)
2024-05-15 13:17:19,903 [INFO] CADModel:165 - CPN selected for project level
2024-05-15 13:17:19,904 [INFO] CADModel:114 - Register for checkConnection events
2024-05-15 13:17:19,918 [INFO] IPUIPlugin:80 - create IPUIPlugin
2024-05-15 13:17:19,919 [INFO] PluginManager:220 - loadIPPluginJar : add mdma
2024-05-15 13:17:19,924 [INFO] IPUIPlugin:80 - create IPUIPlugin
2024-05-15 13:17:19,924 [INFO] PluginManager:220 - loadIPPluginJar : add freertos
2024-05-15 13:17:19,926 [INFO] IPUIPlugin:80 - create IPUIPlugin
2024-05-15 13:17:19,926 [INFO] PluginManager:220 - loadIPPluginJar : add gic
2024-05-15 13:17:19,930 [INFO] IPUIPlugin:80 - create IPUIPlugin
2024-05-15 13:17:19,930 [INFO] PluginManager:220 - loadIPPluginJar : add adc
2024-05-15 13:17:19,932 [INFO] IPUIPlugin:80 - create IPUIPlugin
2024-05-15 13:17:19,932 [INFO] PluginManager:220 - loadIPPluginJar : add gtzc
2024-05-15 13:17:19,932 [INFO] IPUIPlugin:80 - create IPUIPlugin
2024-05-15 13:17:19,932 [INFO] PluginManager:220 - loadIPPluginJar : add quadspi
2024-05-15 13:17:19,933 [INFO] IPUIPlugin:80 - create IPUIPlugin
2024-05-15 13:17:19,933 [INFO] PluginManager:220 - loadIPPluginJar : add aes
2024-05-15 13:17:19,935 [INFO] IPUIPlugin:80 - create IPUIPlugin
2024-05-15 13:17:19,935 [INFO] PluginManager:220 - loadIPPluginJar : add pdm2pcm
2024-05-15 13:17:19,935 [INFO] IPUIPlugin:80 - create IPUIPlugin
2024-05-15 13:17:19,936 [INFO] PluginManager:220 - loadIPPluginJar : add hash
2024-05-15 13:17:19,936 [INFO] IPUIPlugin:80 - create IPUIPlugin
2024-05-15 13:17:19,936 [INFO] PluginManager:220 - loadIPPluginJar : add tim
2024-05-15 13:17:19,937 [INFO] IPUIPlugin:80 - create IPUIPlugin
2024-05-15 13:17:19,937 [INFO] PluginManager:220 - loadIPPluginJar : add tsc
2024-05-15 13:17:19,938 [INFO] IPUIPlugin:80 - create IPUIPlugin
2024-05-15 13:17:19,938 [INFO] PluginManager:220 - loadIPPluginJar : add ts
2024-05-15 13:17:19,941 [INFO] IPUIPlugin:80 - create IPUIPlugin
2024-05-15 13:17:19,941 [INFO] PluginManager:220 - loadIPPluginJar : add can
2024-05-15 13:17:19,942 [INFO] IPUIPlugin:80 - create IPUIPlugin
2024-05-15 13:17:19,942 [INFO] PluginManager:220 - loadIPPluginJar : add dma3
2024-05-15 13:17:19,943 [INFO] IPUIPlugin:80 - create IPUIPlugin
2024-05-15 13:17:19,943 [INFO] PluginManager:220 - loadIPPluginJar : add dfsdm
2024-05-15 13:17:19,944 [INFO] IPUIPlugin:80 - create IPUIPlugin
2024-05-15 13:17:19,944 [INFO] PluginManager:220 - loadIPPluginJar : add spi
2024-05-15 13:17:19,945 [INFO] IPUIPlugin:80 - create IPUIPlugin
2024-05-15 13:17:19,945 [INFO] PluginManager:220 - loadIPPluginJar : add gfxmmu
2024-05-15 13:17:19,946 [INFO] IPUIPlugin:80 - create IPUIPlugin
2024-05-15 13:17:19,946 [INFO] PluginManager:220 - loadIPPluginJar : add genericplugin
2024-05-15 13:17:19,947 [INFO] IPUIPlugin:80 - create IPUIPlugin
2024-05-15 13:17:19,947 [INFO] PluginManager:220 - loadIPPluginJar : add cryp
2024-05-15 13:17:19,949 [INFO] IPUIPlugin:80 - create IPUIPlugin
2024-05-15 13:17:19,949 [INFO] PluginManager:220 - loadIPPluginJar : add gpio
2024-05-15 13:17:19,950 [INFO] IPUIPlugin:80 - create IPUIPlugin
2024-05-15 13:17:19,950 [INFO] PluginManager:220 - loadIPPluginJar : add comp
2024-05-15 13:17:19,951 [INFO] IPUIPlugin:80 - create IPUIPlugin
2024-05-15 13:17:19,951 [INFO] PluginManager:220 - loadIPPluginJar : add tracer_emb
2024-05-15 13:17:19,952 [INFO] IPUIPlugin:80 - create IPUIPlugin
2024-05-15 13:17:19,953 [INFO] PluginManager:220 - loadIPPluginJar : add openamp
2024-05-15 13:17:19,955 [INFO] IPUIPlugin:80 - create IPUIPlugin
2024-05-15 13:17:19,955 [INFO] PluginManager:220 - loadIPPluginJar : add stm32_wpan
2024-05-15 13:17:19,959 [INFO] IPUIPlugin:80 - create IPUIPlugin
2024-05-15 13:17:19,969 [INFO] PluginManager:220 - loadIPPluginJar : add plateformsettings
2024-05-15 13:17:19,970 [INFO] IPUIPlugin:80 - create IPUIPlugin
2024-05-15 13:17:19,971 [INFO] PluginManager:220 - loadIPPluginJar : add ipddr
2024-05-15 13:17:19,972 [INFO] IPUIPlugin:80 - create IPUIPlugin
2024-05-15 13:17:19,972 [INFO] PluginManager:220 - loadIPPluginJar : add usart
2024-05-15 13:17:19,973 [INFO] IPUIPlugin:80 - create IPUIPlugin
2024-05-15 13:17:19,973 [INFO] PluginManager:220 - loadIPPluginJar : add ltdc
2024-05-15 13:17:19,975 [INFO] IPUIPlugin:80 - create IPUIPlugin
2024-05-15 13:17:19,975 [INFO] PluginManager:220 - loadIPPluginJar : add nvic
2024-05-15 13:17:19,975 [INFO] IPUIPlugin:80 - create IPUIPlugin
2024-05-15 13:17:19,975 [INFO] PluginManager:220 - loadIPPluginJar : add fatfs
2024-05-15 13:17:19,979 [INFO] IPUIPlugin:80 - create IPUIPlugin
2024-05-15 13:17:19,979 [INFO] PluginManager:220 - loadIPPluginJar : add linkedlist
2024-05-15 13:17:19,981 [INFO] IPUIPlugin:80 - create IPUIPlugin
2024-05-15 13:17:19,982 [INFO] PluginManager:220 - loadIPPluginJar : add dma
2024-05-15 13:17:19,983 [INFO] IPUIPlugin:80 - create IPUIPlugin
2024-05-15 13:17:19,983 [INFO] PluginManager:220 - loadIPPluginJar : add fmc
2024-05-15 13:17:19,984 [INFO] IPUIPlugin:80 - create IPUIPlugin
2024-05-15 13:17:19,984 [INFO] PluginManager:220 - loadIPPluginJar : add i2s
2024-05-15 13:17:19,985 [INFO] IPUIPlugin:80 - create IPUIPlugin
2024-05-15 13:17:19,985 [INFO] PluginManager:220 - loadIPPluginJar : add ucpd
2024-05-15 13:17:19,986 [INFO] IPUIPlugin:80 - create IPUIPlugin
2024-05-15 13:17:19,986 [INFO] PluginManager:220 - loadIPPluginJar : add lorawan
2024-05-15 13:17:19,987 [INFO] IPUIPlugin:80 - create IPUIPlugin
2024-05-15 13:17:19,987 [INFO] PluginManager:220 - loadIPPluginJar : add opamp
2024-05-15 13:17:19,989 [INFO] IPUIPlugin:80 - create IPUIPlugin
2024-05-15 13:17:19,989 [INFO] PluginManager:220 - loadIPPluginJar : add i3c
2024-05-15 13:17:19,990 [INFO] IPUIPlugin:80 - create IPUIPlugin
2024-05-15 13:17:19,990 [INFO] PluginManager:220 - loadIPPluginJar : add touchsensing
2024-05-15 13:17:19,991 [INFO] IPUIPlugin:80 - create IPUIPlugin
2024-05-15 13:17:19,991 [INFO] PluginManager:220 - loadIPPluginJar : add i2c
2024-05-15 13:17:19,992 [INFO] IPUIPlugin:80 - create IPUIPlugin
2024-05-15 13:17:19,992 [INFO] PluginManager:220 - loadIPPluginJar : add resmgrutility
2024-05-15 13:17:19,993 [INFO] IPUIPlugin:80 - create IPUIPlugin
2024-05-15 13:17:19,993 [INFO] PluginManager:220 - loadIPPluginJar : add sai
2024-05-15 13:17:19,994 [INFO] IPUIPlugin:80 - create IPUIPlugin
2024-05-15 13:17:19,994 [INFO] PluginManager:220 - loadIPPluginJar : add usbx
2024-05-15 13:17:20,118 [INFO] CADModel:165 - CPN selected for project level
2024-05-15 13:17:20,120 [INFO] CADModel:114 - Register for checkConnection events
2024-05-15 13:17:20,120 [FATAL] Updater:308 - Updater called before beeing initialized
2024-05-15 13:17:20,120 [ERROR] CADModel:125 - Updater not yet initialized, retry later 
2024-05-15 13:17:20,330 [INFO] CADModel:165 - CPN selected for project level
2024-05-15 13:17:20,330 [INFO] CADModel:114 - Register for checkConnection events
2024-05-15 13:17:20,330 [FATAL] Updater:308 - Updater called before beeing initialized
2024-05-15 13:17:20,330 [ERROR] CADModel:125 - Updater not yet initialized, retry later 
2024-05-15 13:17:20,332 [FATAL] Updater:308 - Updater called before beeing initialized
2024-05-15 13:17:20,494 [FATAL] Updater:308 - Updater called before beeing initialized
2024-05-15 13:17:20,499 [INFO] DbMcusAds:53 - JSON generation date=Thu May 02 18:37:29 AEST 2024 (1714639049318)
2024-05-15 13:17:20,500 [FATAL] Updater:308 - Updater called before beeing initialized
2024-05-15 13:17:20,542 [WARN] DetailPanel:346 - Failed to get advertising image, set to default
2024-05-15 13:17:20,634 [FATAL] Updater:308 - Updater called before beeing initialized
2024-05-15 13:17:20,638 [FATAL] Updater:308 - Updater called before beeing initialized
2024-05-15 13:17:20,638 [FATAL] Updater:308 - Updater called before beeing initialized
2024-05-15 13:17:20,638 [WARN] DetailPanel:346 - Failed to get advertising image, set to default
2024-05-15 13:17:20,639 [FATAL] Updater:308 - Updater called before beeing initialized
2024-05-15 13:17:20,717 [ERROR] Updater:1120 - MainUpdater not yet initialized. External WinMGr cannot be set.
2024-05-15 13:17:20,756 [INFO] Updater:1056 - Updater Version found : 6.10.0
2024-05-15 13:17:20,768 [INFO] ApplicationProperties:184 - Using Application install path: /Applications/STM32CubeIDE.app/Contents/Eclipse/plugins/com.st.stm32cube.common.mx_6.10.0.202311202037
2024-05-15 13:17:21,046 [INFO] MainUpdater:2873 - connection check result : 10
2024-05-15 13:17:21,046 [INFO] MainUpdater:290 - Updater Check For Update Now.
2024-05-15 13:17:21,046 [INFO] MicroXplorer:498 - Change Database Version : DB.6.0.100
2024-05-15 13:17:21,051 [INFO] McuFinderGlobals:63 - Set McuFinder mode to 2 (CubeIDE integrated)
2024-05-15 13:17:21,051 [INFO] UserAuth:180 - activating auth plugin
2024-05-15 13:17:21,064 [INFO] UserAuth:404 - Internet connection configuration mode: 1
2024-05-15 13:17:21,080 [INFO] JxBrowserEngine:152 - Initiate JxBrowser Engine with user profile folder
2024-05-15 13:17:21,278 [INFO] CheckServerUpdateThread:120 - End of CheckServer Thread
2024-05-15 13:17:22,593 [WARN] PackLoader:240 - Cannot read IP mode file for STMicroelectronics.FP-SNS-MOTENVWB1.1.4.0
2024-05-15 13:17:22,639 [WARN] PackLoader:240 - Cannot read IP mode file for STMicroelectronics.X-CUBE-SMBUS.2.1.0
2024-05-15 13:17:22,682 [WARN] PackLoader:240 - Cannot read IP mode file for STMicroelectronics.X-CUBE-TOUCHGFX.4.23.0
2024-05-15 13:17:22,691 [WARN] PackLoader:240 - Cannot read IP mode file for STMicroelectronics.X-CUBE-TOUCHGFX.4.23.2
2024-05-15 13:17:22,783 [WARN] PackLoader:240 - Cannot read IP mode file for STMicroelectronics.X-CUBE-AZRTOS-F7.1.1.0
2024-05-15 13:17:22,813 [WARN] PackLoader:240 - Cannot read IP mode file for STMicroelectronics.FP-SNS-MOTENV1.4.3.2
2024-05-15 13:17:22,851 [WARN] PackLoader:240 - Cannot read IP mode file for STMicroelectronics.FP-SNS-FLIGHT1.5.0.2
2024-05-15 13:17:22,869 [WARN] PackLoader:240 - Cannot read IP mode file for STMicroelectronics.X-CUBE-DISPLAY.3.0.0
2024-05-15 13:17:22,913 [WARN] PackLoader:240 - Cannot read IP mode file for STMicroelectronics.X-CUBE-BLE1.7.0.0
2024-05-15 13:17:22,929 [WARN] PackLoader:240 - Cannot read IP mode file for emotas.I-CUBE-CANOPEN.1.3.0
2024-05-15 13:17:22,976 [WARN] PackLoader:240 - Cannot read IP mode file for STMicroelectronics.X-CUBE-BLEMGR.3.1.0
2024-05-15 13:17:23,007 [WARN] PackLoader:240 - Cannot read IP mode file for STMicroelectronics.FP-SNS-SMARTAG2.1.2.0
2024-05-15 13:17:23,039 [INFO] LogOutputStream:77 - [STDOUT_REDIRECT] 1 : Invalid condition id : UX_CORESTACK_Condition cause : null
2024-05-15 13:17:23,040 [INFO] LogOutputStream:77 - [STDOUT_REDIRECT] 1 : Invalid condition id : UX_CORESTACK_Condition cause : null
2024-05-15 13:17:23,041 [INFO] LogOutputStream:77 - [STDOUT_REDIRECT] 1 : Invalid condition id : UX_CORESTACK_Condition cause : null
2024-05-15 13:17:23,043 [INFO] LogOutputStream:77 - [STDOUT_REDIRECT] 1 : Invalid condition id : UX_CORESTACK_Condition cause : null
2024-05-15 13:17:23,044 [INFO] LogOutputStream:77 - [STDOUT_REDIRECT] 1 : Invalid condition id : UX_CORESTACK_Condition cause : null
2024-05-15 13:17:23,061 [WARN] PackLoader:240 - Cannot read IP mode file for STMicroelectronics.X-CUBE-AZRTOS-WL.2.0.0
2024-05-15 13:17:23,089 [WARN] PackLoader:240 - Cannot read IP mode file for STMicroelectronics.FP-SNS-MOTENV1.5.0.0
2024-05-15 13:17:23,128 [WARN] PackLoader:240 - Cannot read IP mode file for WES.I-CUBE-Cesium.1.3.0
2024-05-15 13:17:23,161 [WARN] PackLoader:240 - Cannot read IP mode file for STMicroelectronics.X-CUBE-BLE2.3.3.0
2024-05-15 13:17:23,180 [WARN] PackLoader:240 - Cannot read IP mode file for STMicroelectronics.X-CUBE-TCPP.4.1.0
2024-05-15 13:17:23,459 [WARN] PackLoader:240 - Cannot read IP mode file for STMicroelectronics.X-CUBE-ALGOBUILD.1.3.0
2024-05-15 13:17:23,626 [WARN] PackLoader:240 - Cannot read IP mode file for STMicroelectronics.X-CUBE-AZRTOS-G0.1.1.0
2024-05-15 13:17:23,653 [WARN] PackLoader:240 - Cannot read IP mode file for STMicroelectronics.X-CUBE-SAFEA1.1.2.2
2024-05-15 13:17:23,713 [WARN] PackLoader:240 - Cannot read IP mode file for STMicroelectronics.X-CUBE-NFC4.3.0.0
2024-05-15 13:17:23,780 [WARN] PackLoader:240 - Cannot read IP mode file for STMicroelectronics.X-CUBE-BLEMGR.3.0.0
2024-05-15 13:17:23,807 [WARN] PackLoader:240 - Cannot read IP mode file for STMicroelectronics.FP-ATR-SIGFOX1.3.2.0
2024-05-15 13:17:23,853 [WARN] PackLoader:240 - Cannot read IP mode file for STMicroelectronics.X-CUBE-EEPRMA1.5.1.0
2024-05-15 13:17:24,059 [WARN] PackLoader:240 - Cannot read IP mode file for SEGGER.I-CUBE-embOS.1.3.1
2024-05-15 13:17:24,935 [WARN] PackLoader:240 - Cannot read IP mode file for STMicroelectronics.X-CUBE-ALGOBUILD.1.4.0
2024-05-15 13:17:25,022 [WARN] PackLoader:240 - Cannot read IP mode file for STMicroelectronics.X-CUBE-GNSS1.6.0.0
2024-05-15 13:17:25,075 [WARN] PackLoader:240 - Cannot read IP mode file for STMicroelectronics.X-CUBE-AZRTOS-F4.1.1.0
2024-05-15 13:17:25,107 [WARN] PackLoader:240 - Cannot read IP mode file for STMicroelectronics.X-CUBE-FREERTOS.1.2.0
2024-05-15 13:17:25,122 [WARN] PackLoader:240 - Cannot read IP mode file for wolfSSL.I-CUBE-wolfSSL.5.6.6
2024-05-15 13:17:25,150 [WARN] PackLoader:240 - Cannot read IP mode file for STMicroelectronics.X-CUBE-AZRTOS-L5.2.0.0
2024-05-15 13:17:25,189 [WARN] PackLoader:240 - Cannot read IP mode file for STMicroelectronics.X-CUBE-NFC6.3.1.0
2024-05-15 13:17:25,217 [WARN] PackLoader:240 - Cannot read IP mode file for ITTIA_DB.I-CUBE-ITTIADB.8.8.0
2024-05-15 13:17:25,226 [WARN] PackLoader:240 - Cannot read IP mode file for STMicroelectronics.X-CUBE-AI.9.0.0
2024-05-15 13:17:25,236 [WARN] PackLoader:240 - Cannot read IP mode file for STMicroelectronics.X-CUBE-NFC7.1.0.1
2024-05-15 13:17:25,257 [WARN] PackLoader:240 - Cannot read IP mode file for STMicroelectronics.X-CUBE-NFC6.3.0.0
2024-05-15 13:17:25,284 [WARN] PackLoader:240 - Cannot read IP mode file for STMicroelectronics.X-CUBE-AI.8.1.0
2024-05-15 13:17:25,349 [WARN] ConditionMgr:438 - getConditionDescription Invalid condition id : LAN8742 Phy interface Condition cause : null
2024-05-15 13:17:25,352 [WARN] PackLoader:240 - Cannot read IP mode file for STMicroelectronics.X-CUBE-AZRTOS-L4.2.0.0
2024-05-15 13:17:25,360 [WARN] ConditionMgr:1039 - genDependencies : Invalid condition id : LAN8742 Phy interface Condition cause : null
2024-05-15 13:17:25,361 [WARN] ConditionMgr:1039 - genDependencies : Invalid condition id : LAN8742 Phy interface Condition cause : null
2024-05-15 13:17:25,362 [WARN] ConditionMgr:1039 - genDependencies : Invalid condition id : LAN8742 Phy interface Condition cause : null
2024-05-15 13:17:25,427 [WARN] PackLoader:240 - Cannot read IP mode file for STMicroelectronics.X-CUBE-SFXS2LP1.4.0.0
2024-05-15 13:17:25,511 [WARN] ConditionMgr:438 - getConditionDescription Invalid condition id : UX DEVICE CLASS RTOS Condition cause : null
2024-05-15 13:17:25,512 [WARN] ConditionMgr:438 - getConditionDescription Invalid condition id : UX DEVICE CLASS RTOS Condition cause : null
2024-05-15 13:17:25,550 [WARN] PackLoader:240 - Cannot read IP mode file for STMicroelectronics.X-CUBE-AZRTOS-WB.2.0.0
2024-05-15 13:17:25,560 [WARN] ConditionMgr:1039 - genDependencies : Invalid condition id : UX DEVICE CLASS RTOS Condition cause : null
2024-05-15 13:17:25,560 [WARN] ConditionMgr:1039 - genDependencies : Invalid condition id : UX DEVICE CLASS RTOS Condition cause : null
2024-05-15 13:17:25,561 [WARN] ConditionMgr:1039 - genDependencies : Invalid condition id : UX DEVICE CLASS RTOS Condition cause : null
2024-05-15 13:17:25,562 [WARN] ConditionMgr:1039 - genDependencies : Invalid condition id : UX DEVICE CLASS RTOS Condition cause : null
2024-05-15 13:17:25,562 [WARN] ConditionMgr:1039 - genDependencies : Invalid condition id : UX DEVICE CLASS RTOS Condition cause : null
2024-05-15 13:17:25,599 [WARN] PackLoader:240 - Cannot read IP mode file for STMicroelectronics.X-CUBE-SUBG2.5.0.0
2024-05-15 13:17:25,638 [WARN] PackLoader:240 - Cannot read IP mode file for STMicroelectronics.X-CUBE-AZRTOS-G4.2.0.0
2024-05-15 13:17:25,687 [WARN] PackLoader:240 - Cannot read IP mode file for Infineon.AIROC-Wi-Fi-Bluetooth-STM32.1.5.1
2024-05-15 13:17:25,713 [WARN] PackLoader:240 - Cannot read IP mode file for STMicroelectronics.FP-SNS-MOTENVWB1.1.3.1
2024-05-15 13:17:25,723 [WARN] PackLoader:240 - Cannot read IP mode file for STMicroelectronics.X-CUBE-ISPU.2.0.0
2024-05-15 13:17:25,808 [WARN] PackLoader:240 - Cannot read IP mode file for STMicroelectronics.X-CUBE-MEMS1.10.0.0
2024-05-15 13:17:26,119 [WARN] PackLoader:240 - Cannot read IP mode file for STMicroelectronics.X-CUBE-FREERTOS.1.1.0
2024-05-15 13:17:26,159 [WARN] PackLoader:240 - Cannot read IP mode file for portGmbH.I-Cube-SoM-uGOAL.1.1.0
2024-05-15 13:17:26,173 [WARN] PackLoader:240 - Cannot read IP mode file for STMicroelectronics.X-CUBE-ALS.1.0.1
2024-05-15 13:17:26,228 [WARN] PackLoader:240 - Cannot read IP mode file for STMicroelectronics.X-CUBE-AZRTOS-H7RS.1.0.0
2024-05-15 13:17:26,250 [WARN] PackLoader:240 - Cannot read IP mode file for STMicroelectronics.FP-ATR-ASTRA1.2.0.0
2024-05-15 13:17:26,318 [WARN] PackLoader:240 - Cannot read IP mode file for STMicroelectronics.X-CUBE-TOF1.3.4.0
2024-05-15 13:17:26,410 [WARN] PackLoader:240 - Cannot read IP mode file for STMicroelectronics.X-CUBE-TOF1.3.4.1
2024-05-15 13:17:26,471 [WARN] PackLoader:240 - Cannot read IP mode file for STMicroelectronics.X-CUBE-AZRTOS-H7.3.2.0
2024-05-15 13:17:26,500 [INFO] ThirdParty:978 - Integrity check success = true
2024-05-15 13:17:26,502 [INFO] IntegrityCheckThread:100 - exiting critical section [integrity check]
2024-05-15 13:17:26,502 [INFO] IntegrityCheckThread:103 - End integrity checks thread
2024-05-15 13:17:26,833 [INFO] WebApp:161 - Instantiating new browser for Auth
2024-05-15 13:17:28,400 [INFO] WebApp:780 - Register for checkConnection events
2024-05-15 13:17:28,401 [INFO] WebApp:414 - Apply proxy settings
2024-05-15 13:17:28,409 [INFO] WebApp:459 - Chromium authenticates against Manually configured proxy
2024-05-15 13:17:28,425 [INFO] WebApp:467 - Username used for proxy authentication: 
2024-05-15 13:17:28,644 [INFO] WebApp:192 - Starting web application
2024-05-15 13:17:28,647 [INFO] WebApp:544 - Web application path used /Applications/STM32CubeIDE.app/Contents/Eclipse/plugins/com.st.stm32cube.common.mx_6.10.0.202311202037/db/plugins/mcufinder/reactClient1/index.html
2024-05-15 13:17:50,622 [ERROR] LogOutputStream:75 - [STDERR_REDIRECT] SLF4J: Failed to load class "org.slf4j.impl.StaticLoggerBinder".
2024-05-15 13:17:50,624 [ERROR] LogOutputStream:75 - [STDERR_REDIRECT] SLF4J: Defaulting to no-operation (NOP) logger implementation
2024-05-15 13:17:50,624 [ERROR] LogOutputStream:75 - [STDERR_REDIRECT] SLF4J: See http://www.slf4j.org/codes.html#StaticLoggerBinder for further details.
